Removed Pin From Net: NetName=GND Pin=C3-1
Removed Pin From Net: NetName=INPUT1 Pin=C3-2
Removed Pin From Net: NetName=+3.3V Pin=C4-2
Removed Pin From Net: NetName=GND Pin=C5-1
Removed Pin From Net: NetName=GND Pin=C12-1
Removed Pin From Net: NetName=GND Pin=J1-1
Removed Pin From Net: NetName=GND Pin=S2-1
Removed Pin From Net: NetName=INPUT1 Pin=S2-2
Removed Pin From Net: NetName=GND Pin=TVS4-1
Removed Pin From Net: NetName=+3.3V Pin=U1-1
Removed Pin From Net: NetName=VIN Pin=U3-1
Change Component Comment : Designator=R16 Old Comment=150 New Comment=330R
Change Component Designator: OldDesignator=C4 NewDesignator=C3
Change Component Designator: OldDesignator=C5 NewDesignator=C4
Change Component Designator: OldDesignator=C9 NewDesignator=C10
Change Component Designator: OldDesignator=C10 NewDesignator=C11
Change Component Designator: OldDesignator=C11 NewDesignator=C12
Change Component Designator: OldDesignator=C12 NewDesignator=C14
Change Component Designator: OldDesignator=C13 NewDesignator=C16
Change Component Designator: OldDesignator=C14 NewDesignator=C17
Change Component Designator: OldDesignator=S2 NewDesignator=S3
Change Component Designator: OldDesignator=S3 NewDesignator=S2
Added Component: Designator=C5(SM-0805)
Add component. Clean all parameters for all variants
Add component (AddParameter): Name = "Value"; Value = "103"; VariantName = "[No Variations]"
Added Component: Designator=C9(WCAP-AS5H_8x10.5)
Add component. Clean all parameters for all variants
Add component (AddParameter): Name = "ComponentLink1Description"; Value = "Manufacturer"; VariantName = "[No Variations]"
Add component (AddParameter): Name = "ComponentLink1URL"; Value = "http://www.we-online.de"; VariantName = "[No Variations]"
Add component (AddParameter): Name = "ComponentLink2Description"; Value = "Datasheet"; VariantName = "[No Variations]"
Add component (AddParameter): Name = "ComponentLink2URL"; Value = "http://katalog.we-online.com/pbs/datasheet/865230153006.pdf"; VariantName = "[No Variations]"
Add component (AddParameter): Name = "PartNumber"; Value = "865230153006"; VariantName = "[No Variations]"
Add component (AddParameter): Name = "PublishedDate"; Value = "July 2016"; VariantName = "[No Variations]"
Add component (AddParameter): Name = "Publisher"; Value = "Wurth Elektronik"; VariantName = "[No Variations]"
Add component (AddParameter): Name = "RatedVoltage"; Value = "6.3V"; VariantName = "[No Variations]"
Add component (AddParameter): Name = "Size"; Value = "8mmx10.5mm"; VariantName = "[No Variations]"
Add component (AddParameter): Name = "Value"; Value = "330uF"; VariantName = "[No Variations]"
Added Component: Designator=C13(WCAP-AS5H_8x10.5)
Add component. Clean all parameters for all variants
Add component (AddParameter): Name = "ComponentLink1Description"; Value = "Manufacturer"; VariantName = "[No Variations]"
Add component (AddParameter): Name = "ComponentLink1URL"; Value = "http://www.we-online.de"; VariantName = "[No Variations]"
Add component (AddParameter): Name = "ComponentLink2Description"; Value = "Datasheet"; VariantName = "[No Variations]"
Add component (AddParameter): Name = "ComponentLink2URL"; Value = "http://katalog.we-online.com/pbs/datasheet/865230153006.pdf"; VariantName = "[No Variations]"
Add component (AddParameter): Name = "PartNumber"; Value = "865230153006"; VariantName = "[No Variations]"
Add component (AddParameter): Name = "PublishedDate"; Value = "July 2016"; VariantName = "[No Variations]"
Add component (AddParameter): Name = "Publisher"; Value = "Wurth Elektronik"; VariantName = "[No Variations]"
Add component (AddParameter): Name = "RatedVoltage"; Value = "6.3V"; VariantName = "[No Variations]"
Add component (AddParameter): Name = "Size"; Value = "8mmx10.5mm"; VariantName = "[No Variations]"
Add component (AddParameter): Name = "Value"; Value = "330uF"; VariantName = "[No Variations]"
Added Component: Designator=C15(SM-0805)
Add component. Clean all parameters for all variants
Add component (AddParameter): Name = "Value"; Value = "103"; VariantName = "[No Variations]"
Added Component: Designator=C18(SM-0805)
Add component. Clean all parameters for all variants
Add component (AddParameter): Name = "Value"; Value = "103"; VariantName = "[No Variations]"
Added Component: Designator=L1(FER 0805/2012)
Add component. Clean all parameters for all variants
Add component (AddParameter): Name = "Value"; Value = "1.5uH"; VariantName = "[No Variations]"
Added Component: Designator=L2(FER 0805/2012)
Add component. Clean all parameters for all variants
Add component (AddParameter): Name = "Value"; Value = "1.5uH"; VariantName = "[No Variations]"
Added Component: Designator=L3(FER 0805/2012)
Add component. Clean all parameters for all variants
Add component (AddParameter): Name = "Value"; Value = "1.5uH"; VariantName = "[No Variations]"
Added Component: Designator=L4(FER 0805/2012)
Add component. Clean all parameters for all variants
Add component (AddParameter): Name = "Value"; Value = "1.5uH"; VariantName = "[No Variations]"
Added Pin To Net: NetName=GND Pin=C5-1
Added Pin To Net: NetName=+3.3V Pin=C5-2
Added Pin To Net: NetName=+3.3V Pin=C9-1
Added Pin To Net: NetName=GND Pin=C9-2
Added Pin To Net: NetName=+5V Pin=C13-1
Added Pin To Net: NetName=GND Pin=C13-2
Added Pin To Net: NetName=GND Pin=C15-1
Added Pin To Net: NetName=GND Pin=C18-1
Added Pin To Net: NetName=+3.3V Pin=C18-2
Added Pin To Net: NetName=+5V Pin=L1-2
Added Pin To Net: NetName=GND Pin=L2-1
Added Pin To Net: NetName=VIN Pin=L3-1
Added Pin To Net: NetName=GND Pin=L4-2
Added Pin To Net: NetName=NetC5_2 Pin=S3-2
Change Net Name : Old Net Name=NetC4_1 New Net Name=NetC3_1
Change Net Name : Old Net Name=NetC5_2 New Net Name=IN_DRY
Change Net Name : Old Net Name=NetC11_2 New Net Name=NetC12_2
Added Pin To Net: NetName=NetC3_2 Pin=C3-2
Added Pin To Net: NetName=NetC3_2 Pin=L1-1
Added Pin To Net: NetName=NetC3_2 Pin=U1-1
Added Net: Name=NetC3_2
Added Pin To Net: NetName=NetC4_1 Pin=C4-1
Added Pin To Net: NetName=NetC4_1 Pin=J1-1
Added Pin To Net: NetName=NetC4_1 Pin=L2-2
Added Pin To Net: NetName=NetC4_1 Pin=S3-1
Added Net: Name=NetC4_1
Added Pin To Net: NetName=NetC14_1 Pin=C14-1
Added Pin To Net: NetName=NetC14_1 Pin=L4-1
Added Pin To Net: NetName=NetC14_1 Pin=TVS4-1
Added Net: Name=NetC14_1
Added Pin To Net: NetName=NetC15_2 Pin=C15-2
Added Pin To Net: NetName=NetC15_2 Pin=L3-2
Added Pin To Net: NetName=NetC15_2 Pin=U3-1
Added Net: Name=NetC15_2
Added Member To Class: ClassName=RS485_Xbus_Mini Member=Component C15 104
Added Member To Class: ClassName=RS485_Xbus_Mini Member=Component C16 104
Added Member To Class: ClassName=RS485_Xbus_Mini Member=Component C17 104
Added Member To Class: ClassName=RS485_Xbus_Mini Member=Component C18 104
Added Member To Class: ClassName=RS485_Xbus_Mini Member=Component L1 1.5uH
Added Member To Class: ClassName=RS485_Xbus_Mini Member=Component L2 1.5uH
Added Member To Class: ClassName=RS485_Xbus_Mini Member=Component L3 1.5uH
Added Member To Class: ClassName=RS485_Xbus_Mini Member=Component L4 1.5uH
Added Room: Name=RS485_Xbus_Mini
